>>> including systematics
>>> method used to compute upper limit is Asymptotic
>>> random number generator seed is 123456
[?1034h[#0] ERROR:Eval -- RooAbsReal::logEvalError(shapeBkg_ggh_gg_met130) evaluation error, 
 origin       : RooHistPdf::shapeBkg_ggh_gg_met130[ pdfObs=(mgg) ]
 message      : p.d.f normalization integral is zero or negative
 server values: pdfObs=(mgg = 143)
Computing limit starting from observation
Will compute both limit(s) using minimizer Minuit2 with strategy 0 and tolerance 0.01
  [WARNING] Found [rate_QCD_cr_inclusive_et] at boundary. 
  [WARNING] Found [rate_QCD_cr_inclusive_mt] at boundary. 
  [WARNING] Found [rate_QCD_cr_inclusive_tt] at boundary. 
Constraints of type SimpleGaussianConstraint: 559
Median for expected limits: 0.419922
Sigma  for expected limits: 0.21425
Constraints of type SimpleGaussianConstraint: 559
Constraints of type SimpleGaussianConstraint: 559
Restricting r to positive values.

Make global fit of real data
NLL at global minimum of data: -62.142 (r = 6.24552e-07)

Make global fit of asimov data
NLL at global minimum of asimov: -59.9434 (r = 0.00019791)
At r = 1.200001:	q_mu = 19.53371	q_A  = 20.77160	CLsb = 0.00000	CLb  = 0.55484	CLs  = 0.00001
At r = 0.600001:	q_mu = 6.85528	q_A  = 6.93900	CLsb = 0.00442	CLb  = 0.50636	CLs  = 0.00873
At r = 0.300001:	q_mu = 2.37789	q_A  = 2.12642	CLsb = 0.06124	CLb  = 0.46564	CLs  = 0.13152
At r = 0.450001:	q_mu = 4.41469	q_A  = 4.29048	CLsb = 0.01781	CLb  = 0.48804	CLs  = 0.03648
At r = 0.390509:	q_mu = 3.55382	q_A  = 3.36710	CLsb = 0.02966	CLb  = 0.47971	CLs  = 0.06182
At r = 0.421563:	q_mu = 3.99498	q_A  = 3.83919	CLsb = 0.02280	CLb  = 0.48414	CLs  = 0.04709
At r = 0.409875:	q_mu = 3.82679	q_A  = 3.65889	CLsb = 0.02519	CLb  = 0.48250	CLs  = 0.05221
At r = 0.416127:	q_mu = 3.91643	q_A  = 3.75495	CLsb = 0.02388	CLb  = 0.48338	CLs  = 0.04941
At r = 0.413798:	q_mu = 3.88295	q_A  = 3.71905	CLsb = 0.02436	CLb  = 0.48305	CLs  = 0.05044
At r = 0.415050:	q_mu = 3.90094	q_A  = 3.73833	CLsb = 0.02410	CLb  = 0.48323	CLs  = 0.04988

 -- Asymptotic -- 
Observed Limit: r < 0.4150
Expected  2.5%: r < 0.2108
Expected 16.0%: r < 0.2900
Expected 50.0%: r < 0.4199
Expected 84.0%: r < 0.6258
Expected 97.5%: r < 0.8878

Done in 0.82 min (cpu), 0.82 min (real)
