>>> including systematics
>>> method used to compute upper limit is Asymptotic
>>> random number generator seed is 123456
[?1034h[#0] ERROR:Eval -- RooAbsReal::logEvalError(shapeBkg_ggh_gg_met130) evaluation error, 
 origin       : RooHistPdf::shapeBkg_ggh_gg_met130[ pdfObs=(mgg) ]
 message      : p.d.f normalization integral is zero or negative
 server values: pdfObs=(mgg = 143)
Computing limit starting from observation
Will compute both limit(s) using minimizer Minuit2 with strategy 0 and tolerance 0.01
  [WARNING] Found [rate_QCD_cr_inclusive_et] at boundary. 
  [WARNING] Found [rate_QCD_cr_inclusive_mt] at boundary. 
  [WARNING] Found [rate_QCD_cr_inclusive_tt] at boundary. 
[#0] ERROR:Eval -- RooAbsReal::logEvalError(shapeSig_monoHnnb_MZ800_MA700_bb_nnb) evaluation error, 
 origin       : RooCBShape::shapeSig_monoHnnb_MZ800_MA700_bb_nnb[ m=VH_mass m0=monoHnnb_MZ800_MA700_vmean sigma=monoHnnb_MZ800_MA700_vsigma alpha=monoHnnb_MZ800_MA700_valpha1 n=monoHnnb_MZ800_MA700_vslope1 ]
 message      : p.d.f normalization integral is zero or negative
 server values: m=VH_mass=875.883, m0=monoHnnb_MZ800_MA700_vmean=315, sigma=monoHnnb_MZ800_MA700_vsigma=22.5, alpha=monoHnnb_MZ800_MA700_valpha1=0, n=monoHnnb_MZ800_MA700_vslope1=1
[#0] WARNING:Plotting -- WARNING: Function evaluation error(s) at coordinates [x]=755
[#0] WARNING:Plotting -- WARNING: Function evaluation error(s) at coordinates [x]=765
[#0] WARNING:Plotting -- WARNING: Function evaluation error(s) at coordinates [x]=775
[#0] WARNING:Plotting -- WARNING: Function evaluation error(s) at coordinates [x]=785
[#0] WARNING:Plotting -- WARNING: Function evaluation error(s) at coordinates [x]=795
[#0] WARNING:Plotting -- WARNING: Function evaluation error(s) at coordinates [x]=805
[#0] WARNING:Plotting -- WARNING: Function evaluation error(s) at coordinates [x]=815
[#0] WARNING:Plotting -- WARNING: Function evaluation error(s) at coordinates [x]=825
[#0] WARNING:Plotting -- WARNING: Function evaluation error(s) at coordinates [x]=835
[#0] WARNING:Plotting -- WARNING: Function evaluation error(s) at coordinates [x]=845
[#0] WARNING:Plotting -- WARNING: Function evaluation error(s) at coordinates [x]=855
[#0] WARNING:Plotting -- WARNING: Function evaluation error(s) at coordinates [x]=865
[#0] WARNING:Plotting -- WARNING: Function evaluation error(s) at coordinates [x]=875
[#0] WARNING:Plotting -- WARNING: Function evaluation error(s) at coordinates [x]=885
[#0] WARNING:Plotting -- WARNING: Function evaluation error(s) at coordinates [x]=895
[#0] WARNING:Plotting -- WARNING: Function evaluation error(s) at coordinates [x]=905
[#0] WARNING:Plotting -- WARNING: Function evaluation error(s) at coordinates [x]=915
[#0] WARNING:Plotting -- WARNING: Function evaluation error(s) at coordinates [x]=925
[#0] WARNING:Plotting -- WARNING: Function evaluation error(s) at coordinates [x]=935
[#0] WARNING:Plotting -- WARNING: Function evaluation error(s) at coordinates [x]=945
[#0] WARNING:Plotting -- WARNING: Function evaluation error(s) at coordinates [x]=955
[#0] WARNING:Plotting -- WARNING: Function evaluation error(s) at coordinates [x]=965
[#0] WARNING:Plotting -- WARNING: Function evaluation error(s) at coordinates [x]=975
[#0] WARNING:Plotting -- WARNING: Function evaluation error(s) at coordinates [x]=985
[#0] WARNING:Plotting -- WARNING: Function evaluation error(s) at coordinates [x]=995
[#0] WARNING:Plotting -- WARNING: Function evaluation error(s) at coordinates [x]=1005
[#0] WARNING:Plotting -- WARNING: Function evaluation error(s) at coordinates [x]=1015
[#0] WARNING:Plotting -- WARNING: Function evaluation error(s) at coordinates [x]=1025
[#0] WARNING:Plotting -- WARNING: Function evaluation error(s) at coordinates [x]=1035
[#0] WARNING:Plotting -- WARNING: Function evaluation error(s) at coordinates [x]=1045
[#0] WARNING:Plotting -- WARNING: Function evaluation error(s) at coordinates [x]=1055
[#0] WARNING:Plotting -- WARNING: Function evaluation error(s) at coordinates [x]=1065
[#0] WARNING:Plotting -- WARNING: Function evaluation error(s) at coordinates [x]=1075
[#0] WARNING:Plotting -- WARNING: Function evaluation error(s) at coordinates [x]=1085
[#0] WARNING:Plotting -- WARNING: Function evaluation error(s) at coordinates [x]=1095
[#0] WARNING:Plotting -- WARNING: Function evaluation error(s) at coordinates [x]=1105
[#0] WARNING:Plotting -- WARNING: Function evaluation error(s) at coordinates [x]=1115
[#0] WARNING:Plotting -- WARNING: Function evaluation error(s) at coordinates [x]=1125
[#0] WARNING:Plotting -- WARNING: Function evaluation error(s) at coordinates [x]=1135
[#0] WARNING:Plotting -- WARNING: Function evaluation error(s) at coordinates [x]=1145
[#0] WARNING:Plotting -- WARNING: Function evaluation error(s) at coordinates [x]=1155
[#0] WARNING:Plotting -- WARNING: Function evaluation error(s) at coordinates [x]=1165
[#0] WARNING:Plotting -- WARNING: Function evaluation error(s) at coordinates [x]=1175
[#0] WARNING:Plotting -- WARNING: Function evaluation error(s) at coordinates [x]=1185
[#0] WARNING:Plotting -- WARNING: Function evaluation error(s) at coordinates [x]=1195
[#0] WARNING:Plotting -- WARNING: Function evaluation error(s) at coordinates [x]=1205
[#0] WARNING:Plotting -- WARNING: Function evaluation error(s) at coordinates [x]=1215
[#0] WARNING:Plotting -- WARNING: Function evaluation error(s) at coordinates [x]=1225
[#0] WARNING:Plotting -- WARNING: Function evaluation error(s) at coordinates [x]=1235
[#0] WARNING:Plotting -- WARNING: Function evaluation error(s) at coordinates [x]=1245
[#0] WARNING:Plotting -- WARNING: Function evaluation error(s) at coordinates [x]=1255
[#0] WARNING:Plotting -- WARNING: Function evaluation error(s) at coordinates [x]=1265
[#0] WARNING:Plotting -- WARNING: Function evaluation error(s) at coordinates [x]=1275
[#0] WARNING:Plotting -- WARNING: Function evaluation error(s) at coordinates [x]=1285
[#0] WARNING:Plotting -- WARNING: Function evaluation error(s) at coordinates [x]=1295
[#0] WARNING:Plotting -- WARNING: Function evaluation error(s) at coordinates [x]=1305
[#0] WARNING:Plotting -- WARNING: Function evaluation error(s) at coordinates [x]=1315
[#0] WARNING:Plotting -- WARNING: Function evaluation error(s) at coordinates [x]=1325
[#0] WARNING:Plotting -- WARNING: Function evaluation error(s) at coordinates [x]=1335
[#0] WARNING:Plotting -- WARNING: Function evaluation error(s) at coordinates [x]=1345
[#0] WARNING:Plotting -- WARNING: Function evaluation error(s) at coordinates [x]=1355
[#0] WARNING:Plotting -- WARNING: Function evaluation error(s) at coordinates [x]=1365
[#0] WARNING:Plotting -- WARNING: Function evaluation error(s) at coordinates [x]=1375
[#0] WARNING:Plotting -- WARNING: Function evaluation error(s) at coordinates [x]=1385
[#0] WARNING:Plotting -- WARNING: Function evaluation error(s) at coordinates [x]=1395
[#0] WARNING:Plotting -- WARNING: Function evaluation error(s) at coordinates [x]=1405
[#0] WARNING:Plotting -- WARNING: Function evaluation error(s) at coordinates [x]=1415
[#0] WARNING:Plotting -- WARNING: Function evaluation error(s) at coordinates [x]=1425
[#0] WARNING:Plotting -- WARNING: Function evaluation error(s) at coordinates [x]=1435
[#0] WARNING:Plotting -- WARNING: Function evaluation error(s) at coordinates [x]=1445
[#0] WARNING:Plotting -- WARNING: Function evaluation error(s) at coordinates [x]=1455
[#0] WARNING:Plotting -- WARNING: Function evaluation error(s) at coordinates [x]=1465
[#0] WARNING:Plotting -- WARNING: Function evaluation error(s) at coordinates [x]=1475
[#0] WARNING:Plotting -- WARNING: Function evaluation error(s) at coordinates [x]=1485
[#0] WARNING:Plotting -- WARNING: Function evaluation error(s) at coordinates [x]=1495
[#0] WARNING:Plotting -- WARNING: Function evaluation error(s) at coordinates [x]=1505
[#0] WARNING:Plotting -- WARNING: Function evaluation error(s) at coordinates [x]=1515
[#0] WARNING:Plotting -- WARNING: Function evaluation error(s) at coordinates [x]=1525
[#0] WARNING:Plotting -- WARNING: Function evaluation error(s) at coordinates [x]=1535
[#0] WARNING:Plotting -- WARNING: Function evaluation error(s) at coordinates [x]=1545
[#0] WARNING:Plotting -- WARNING: Function evaluation error(s) at coordinates [x]=1555
[#0] WARNING:Plotting -- WARNING: Function evaluation error(s) at coordinates [x]=1565
[#0] WARNING:Plotting -- WARNING: Function evaluation error(s) at coordinates [x]=1575
[#0] WARNING:Plotting -- WARNING: Function evaluation error(s) at coordinates [x]=1585
[#0] WARNING:Plotting -- WARNING: Function evaluation error(s) at coordinates [x]=1595
[#0] WARNING:Plotting -- WARNING: Function evaluation error(s) at coordinates [x]=1605
[#0] WARNING:Plotting -- WARNING: Function evaluation error(s) at coordinates [x]=1615
[#0] WARNING:Plotting -- WARNING: Function evaluation error(s) at coordinates [x]=1625
[#0] WARNING:Plotting -- WARNING: Function evaluation error(s) at coordinates [x]=1635
[#0] WARNING:Plotting -- WARNING: Function evaluation error(s) at coordinates [x]=1645
[#0] WARNING:Plotting -- WARNING: Function evaluation error(s) at coordinates [x]=1655
[#0] WARNING:Plotting -- WARNING: Function evaluation error(s) at coordinates [x]=1665
[#0] WARNING:Plotting -- WARNING: Function evaluation error(s) at coordinates [x]=1675
[#0] WARNING:Plotting -- WARNING: Function evaluation error(s) at coordinates [x]=1685
[#0] WARNING:Plotting -- WARNING: Function evaluation error(s) at coordinates [x]=1695
[#0] WARNING:Plotting -- WARNING: Function evaluation error(s) at coordinates [x]=1705
[#0] WARNING:Plotting -- WARNING: Function evaluation error(s) at coordinates [x]=1715
[#0] WARNING:Plotting -- WARNING: Function evaluation error(s) at coordinates [x]=1725
[#0] WARNING:Plotting -- WARNING: Function evaluation error(s) at coordinates [x]=1735
[#0] WARNING:Plotting -- WARNING: Function evaluation error(s) at coordinates [x]=1745
[#0] WARNING:Plotting -- WARNING: Function evaluation error(s) at coordinates [x]=1755
[#0] WARNING:Plotting -- WARNING: Function evaluation error(s) at coordinates [x]=1765
[#0] WARNING:Plotting -- WARNING: Function evaluation error(s) at coordinates [x]=1775
[#0] WARNING:Plotting -- WARNING: Function evaluation error(s) at coordinates [x]=1785
[#0] WARNING:Plotting -- WARNING: Function evaluation error(s) at coordinates [x]=1795
[#0] WARNING:Plotting -- WARNING: Function evaluation error(s) at coordinates [x]=1805
[#0] WARNING:Plotting -- WARNING: Function evaluation error(s) at coordinates [x]=1815
[#0] WARNING:Plotting -- WARNING: Function evaluation error(s) at coordinates [x]=1825
[#0] WARNING:Plotting -- WARNING: Function evaluation error(s) at coordinates [x]=1835
[#0] WARNING:Plotting -- WARNING: Function evaluation error(s) at coordinates [x]=1845
[#0] WARNING:Plotting -- WARNING: Function evaluation error(s) at coordinates [x]=1855
[#0] WARNING:Plotting -- WARNING: Function evaluation error(s) at coordinates [x]=1865
[#0] WARNING:Plotting -- WARNING: Function evaluation error(s) at coordinates [x]=1875
[#0] WARNING:Plotting -- WARNING: Function evaluation error(s) at coordinates [x]=1885
[#0] WARNING:Plotting -- WARNING: Function evaluation error(s) at coordinates [x]=1895
[#0] WARNING:Plotting -- WARNING: Function evaluation error(s) at coordinates [x]=1905
[#0] WARNING:Plotting -- WARNING: Function evaluation error(s) at coordinates [x]=1915
[#0] WARNING:Plotting -- WARNING: Function evaluation error(s) at coordinates [x]=1925
[#0] WARNING:Plotting -- WARNING: Function evaluation error(s) at coordinates [x]=1935
[#0] WARNING:Plotting -- WARNING: Function evaluation error(s) at coordinates [x]=1945
[#0] WARNING:Plotting -- WARNING: Function evaluation error(s) at coordinates [x]=1955
[#0] WARNING:Plotting -- WARNING: Function evaluation error(s) at coordinates [x]=1965
[#0] WARNING:Plotting -- WARNING: Function evaluation error(s) at coordinates [x]=1975
[#0] WARNING:Plotting -- WARNING: Function evaluation error(s) at coordinates [x]=1985
[#0] WARNING:Plotting -- WARNING: Function evaluation error(s) at coordinates [x]=1995
[#0] WARNING:Plotting -- WARNING: Function evaluation error(s) at coordinates [x]=2005
[#0] WARNING:Plotting -- WARNING: Function evaluation error(s) at coordinates [x]=2015
[#0] WARNING:Plotting -- WARNING: Function evaluation error(s) at coordinates [x]=2025
[#0] WARNING:Plotting -- WARNING: Function evaluation error(s) at coordinates [x]=2035
[#0] WARNING:Plotting -- WARNING: Function evaluation error(s) at coordinates [x]=2045
[#0] WARNING:Plotting -- WARNING: Function evaluation error(s) at coordinates [x]=2055
[#0] WARNING:Plotting -- WARNING: Function evaluation error(s) at coordinates [x]=2065
[#0] WARNING:Plotting -- WARNING: Function evaluation error(s) at coordinates [x]=2075
[#0] WARNING:Plotting -- WARNING: Function evaluation error(s) at coordinates [x]=2085
[#0] WARNING:Plotting -- WARNING: Function evaluation error(s) at coordinates [x]=2095
[#0] WARNING:Plotting -- WARNING: Function evaluation error(s) at coordinates [x]=2105
[#0] WARNING:Plotting -- WARNING: Function evaluation error(s) at coordinates [x]=2115
[#0] WARNING:Plotting -- WARNING: Function evaluation error(s) at coordinates [x]=2125
[#0] WARNING:Plotting -- WARNING: Function evaluation error(s) at coordinates [x]=2135
[#0] WARNING:Plotting -- WARNING: Function evaluation error(s) at coordinates [x]=2145
[#0] WARNING:Plotting -- WARNING: Function evaluation error(s) at coordinates [x]=2155
[#0] WARNING:Plotting -- WARNING: Function evaluation error(s) at coordinates [x]=2165
[#0] WARNING:Plotting -- WARNING: Function evaluation error(s) at coordinates [x]=2175
[#0] WARNING:Plotting -- WARNING: Function evaluation error(s) at coordinates [x]=2185
[#0] WARNING:Plotting -- WARNING: Function evaluation error(s) at coordinates [x]=2195
[#0] WARNING:Plotting -- WARNING: Function evaluation error(s) at coordinates [x]=2205
[#0] WARNING:Plotting -- WARNING: Function evaluation error(s) at coordinates [x]=2215
[#0] WARNING:Plotting -- WARNING: Function evaluation error(s) at coordinates [x]=2225
[#0] WARNING:Plotting -- WARNING: Function evaluation error(s) at coordinates [x]=2235
[#0] WARNING:Plotting -- WARNING: Function evaluation error(s) at coordinates [x]=2245
[#0] WARNING:Plotting -- WARNING: Function evaluation error(s) at coordinates [x]=2255
[#0] WARNING:Plotting -- WARNING: Function evaluation error(s) at coordinates [x]=2265
[#0] WARNING:Plotting -- WARNING: Function evaluation error(s) at coordinates [x]=2275
[#0] WARNING:Plotting -- WARNING: Function evaluation error(s) at coordinates [x]=2285
[#0] WARNING:Plotting -- WARNING: Function evaluation error(s) at coordinates [x]=2295
[#0] WARNING:Plotting -- WARNING: Function evaluation error(s) at coordinates [x]=2305
[#0] WARNING:Plotting -- WARNING: Function evaluation error(s) at coordinates [x]=2315
[#0] WARNING:Plotting -- WARNING: Function evaluation error(s) at coordinates [x]=2325
[#0] WARNING:Plotting -- WARNING: Function evaluation error(s) at coordinates [x]=2335
[#0] WARNING:Plotting -- WARNING: Function evaluation error(s) at coordinates [x]=2345
[#0] WARNING:Plotting -- WARNING: Function evaluation error(s) at coordinates [x]=2355
[#0] WARNING:Plotting -- WARNING: Function evaluation error(s) at coordinates [x]=2365
[#0] WARNING:Plotting -- WARNING: Function evaluation error(s) at coordinates [x]=2375
[#0] WARNING:Plotting -- WARNING: Function evaluation error(s) at coordinates [x]=2385
[#0] WARNING:Plotting -- WARNING: Function evaluation error(s) at coordinates [x]=2395
[#0] WARNING:Plotting -- WARNING: Function evaluation error(s) at coordinates [x]=2405
[#0] WARNING:Plotting -- WARNING: Function evaluation error(s) at coordinates [x]=2415
[#0] WARNING:Plotting -- WARNING: Function evaluation error(s) at coordinates [x]=2425
[#0] WARNING:Plotting -- WARNING: Function evaluation error(s) at coordinates [x]=2435
[#0] WARNING:Plotting -- WARNING: Function evaluation error(s) at coordinates [x]=2445
[#0] WARNING:Plotting -- WARNING: Function evaluation error(s) at coordinates [x]=2455
[#0] WARNING:Plotting -- WARNING: Function evaluation error(s) at coordinates [x]=2465
[#0] WARNING:Plotting -- WARNING: Function evaluation error(s) at coordinates [x]=2475
[#0] WARNING:Plotting -- WARNING: Function evaluation error(s) at coordinates [x]=2485
[#0] WARNING:Plotting -- WARNING: Function evaluation error(s) at coordinates [x]=2495
[#0] WARNING:Plotting -- WARNING: Function evaluation error(s) at coordinates [x]=2505
[#0] WARNING:Plotting -- WARNING: Function evaluation error(s) at coordinates [x]=2515
[#0] WARNING:Plotting -- WARNING: Function evaluation error(s) at coordinates [x]=2525
[#0] WARNING:Plotting -- WARNING: Function evaluation error(s) at coordinates [x]=2535
[#0] WARNING:Plotting -- WARNING: Function evaluation error(s) at coordinates [x]=2545
[#0] WARNING:Plotting -- WARNING: Function evaluation error(s) at coordinates [x]=2555
[#0] WARNING:Plotting -- WARNING: Function evaluation error(s) at coordinates [x]=2565
[#0] WARNING:Plotting -- WARNING: Function evaluation error(s) at coordinates [x]=2575
[#0] WARNING:Plotting -- WARNING: Function evaluation error(s) at coordinates [x]=2585
[#0] WARNING:Plotting -- WARNING: Function evaluation error(s) at coordinates [x]=2595
[#0] WARNING:Plotting -- WARNING: Function evaluation error(s) at coordinates [x]=2605
[#0] WARNING:Plotting -- WARNING: Function evaluation error(s) at coordinates [x]=2615
[#0] WARNING:Plotting -- WARNING: Function evaluation error(s) at coordinates [x]=2625
[#0] WARNING:Plotting -- WARNING: Function evaluation error(s) at coordinates [x]=2635
[#0] WARNING:Plotting -- WARNING: Function evaluation error(s) at coordinates [x]=2645
[#0] WARNING:Plotting -- WARNING: Function evaluation error(s) at coordinates [x]=2655
[#0] WARNING:Plotting -- WARNING: Function evaluation error(s) at coordinates [x]=2665
[#0] WARNING:Plotting -- WARNING: Function evaluation error(s) at coordinates [x]=2675
[#0] WARNING:Plotting -- WARNING: Function evaluation error(s) at coordinates [x]=2685
[#0] WARNING:Plotting -- WARNING: Function evaluation error(s) at coordinates [x]=2695
[#0] WARNING:Plotting -- WARNING: Function evaluation error(s) at coordinates [x]=2705
[#0] WARNING:Plotting -- WARNING: Function evaluation error(s) at coordinates [x]=2715
[#0] WARNING:Plotting -- WARNING: Function evaluation error(s) at coordinates [x]=2725
[#0] WARNING:Plotting -- WARNING: Function evaluation error(s) at coordinates [x]=2735
[#0] WARNING:Plotting -- WARNING: Function evaluation error(s) at coordinates [x]=2745
[#0] WARNING:Plotting -- WARNING: Function evaluation error(s) at coordinates [x]=2755
[#0] WARNING:Plotting -- WARNING: Function evaluation error(s) at coordinates [x]=2765
[#0] WARNING:Plotting -- WARNING: Function evaluation error(s) at coordinates [x]=2775
[#0] WARNING:Plotting -- WARNING: Function evaluation error(s) at coordinates [x]=2785
[#0] WARNING:Plotting -- WARNING: Function evaluation error(s) at coordinates [x]=2795
[#0] WARNING:Plotting -- WARNING: Function evaluation error(s) at coordinates [x]=2805
[#0] WARNING:Plotting -- WARNING: Function evaluation error(s) at coordinates [x]=2815
[#0] WARNING:Plotting -- WARNING: Function evaluation error(s) at coordinates [x]=2825
[#0] WARNING:Plotting -- WARNING: Function evaluation error(s) at coordinates [x]=2835
[#0] WARNING:Plotting -- WARNING: Function evaluation error(s) at coordinates [x]=2845
[#0] WARNING:Plotting -- WARNING: Function evaluation error(s) at coordinates [x]=2855
[#0] WARNING:Plotting -- WARNING: Function evaluation error(s) at coordinates [x]=2865
[#0] WARNING:Plotting -- WARNING: Function evaluation error(s) at coordinates [x]=2875
[#0] WARNING:Plotting -- WARNING: Function evaluation error(s) at coordinates [x]=2885
[#0] WARNING:Plotting -- WARNING: Function evaluation error(s) at coordinates [x]=2895
[#0] WARNING:Plotting -- WARNING: Function evaluation error(s) at coordinates [x]=2905
[#0] WARNING:Plotting -- WARNING: Function evaluation error(s) at coordinates [x]=2915
[#0] WARNING:Plotting -- WARNING: Function evaluation error(s) at coordinates [x]=2925
[#0] WARNING:Plotting -- WARNING: Function evaluation error(s) at coordinates [x]=2935
[#0] WARNING:Plotting -- WARNING: Function evaluation error(s) at coordinates [x]=2945
[#0] WARNING:Plotting -- WARNING: Function evaluation error(s) at coordinates [x]=2955
[#0] WARNING:Plotting -- WARNING: Function evaluation error(s) at coordinates [x]=2965
[#0] WARNING:Plotting -- WARNING: Function evaluation error(s) at coordinates [x]=2975
[#0] WARNING:Plotting -- WARNING: Function evaluation error(s) at coordinates [x]=2985
[#0] WARNING:Plotting -- WARNING: Function evaluation error(s) at coordinates [x]=2995
[#0] WARNING:Plotting -- WARNING: Function evaluation error(s) at coordinates [x]=3005
[#0] WARNING:Plotting -- WARNING: Function evaluation error(s) at coordinates [x]=3015
[#0] WARNING:Plotting -- WARNING: Function evaluation error(s) at coordinates [x]=3025
[#0] WARNING:Plotting -- WARNING: Function evaluation error(s) at coordinates [x]=3035
[#0] WARNING:Plotting -- WARNING: Function evaluation error(s) at coordinates [x]=3045
[#0] WARNING:Plotting -- WARNING: Function evaluation error(s) at coordinates [x]=3055
[#0] WARNING:Plotting -- WARNING: Function evaluation error(s) at coordinates [x]=3065
[#0] WARNING:Plotting -- WARNING: Function evaluation error(s) at coordinates [x]=3075
[#0] WARNING:Plotting -- WARNING: Function evaluation error(s) at coordinates [x]=3085
[#0] WARNING:Plotting -- WARNING: Function evaluation error(s) at coordinates [x]=3095
[#0] WARNING:Plotting -- WARNING: Function evaluation error(s) at coordinates [x]=3105
[#0] WARNING:Plotting -- WARNING: Function evaluation error(s) at coordinates [x]=3115
[#0] WARNING:Plotting -- WARNING: Function evaluation error(s) at coordinates [x]=3125
[#0] WARNING:Plotting -- WARNING: Function evaluation error(s) at coordinates [x]=3135
[#0] WARNING:Plotting -- WARNING: Function evaluation error(s) at coordinates [x]=3145
[#0] WARNING:Plotting -- WARNING: Function evaluation error(s) at coordinates [x]=3155
[#0] WARNING:Plotting -- WARNING: Function evaluation error(s) at coordinates [x]=3165
[#0] WARNING:Plotting -- WARNING: Function evaluation error(s) at coordinates [x]=3175
[#0] WARNING:Plotting -- WARNING: Function evaluation error(s) at coordinates [x]=3185
[#0] WARNING:Plotting -- WARNING: Function evaluation error(s) at coordinates [x]=3195
[#0] WARNING:Plotting -- WARNING: Function evaluation error(s) at coordinates [x]=3205
[#0] WARNING:Plotting -- WARNING: Function evaluation error(s) at coordinates [x]=3215
[#0] WARNING:Plotting -- WARNING: Function evaluation error(s) at coordinates [x]=3225
[#0] WARNING:Plotting -- WARNING: Function evaluation error(s) at coordinates [x]=3235
[#0] WARNING:Plotting -- WARNING: Function evaluation error(s) at coordinates [x]=3245
[#0] WARNING:Plotting -- WARNING: Function evaluation error(s) at coordinates [x]=3255
[#0] WARNING:Plotting -- WARNING: Function evaluation error(s) at coordinates [x]=3265
[#0] WARNING:Plotting -- WARNING: Function evaluation error(s) at coordinates [x]=3275
[#0] WARNING:Plotting -- WARNING: Function evaluation error(s) at coordinates [x]=3285
[#0] WARNING:Plotting -- WARNING: Function evaluation error(s) at coordinates [x]=3295
[#0] WARNING:Plotting -- WARNING: Function evaluation error(s) at coordinates [x]=3305
[#0] WARNING:Plotting -- WARNING: Function evaluation error(s) at coordinates [x]=3315
[#0] WARNING:Plotting -- WARNING: Function evaluation error(s) at coordinates [x]=3325
[#0] WARNING:Plotting -- WARNING: Function evaluation error(s) at coordinates [x]=3335
[#0] WARNING:Plotting -- WARNING: Function evaluation error(s) at coordinates [x]=3345
[#0] WARNING:Plotting -- WARNING: Function evaluation error(s) at coordinates [x]=3355
[#0] WARNING:Plotting -- WARNING: Function evaluation error(s) at coordinates [x]=3365
[#0] WARNING:Plotting -- WARNING: Function evaluation error(s) at coordinates [x]=3375
[#0] WARNING:Plotting -- WARNING: Function evaluation error(s) at coordinates [x]=3385
[#0] WARNING:Plotting -- WARNING: Function evaluation error(s) at coordinates [x]=3395
[#0] WARNING:Plotting -- WARNING: Function evaluation error(s) at coordinates [x]=3405
[#0] WARNING:Plotting -- WARNING: Function evaluation error(s) at coordinates [x]=3415
[#0] WARNING:Plotting -- WARNING: Function evaluation error(s) at coordinates [x]=3425
[#0] WARNING:Plotting -- WARNING: Function evaluation error(s) at coordinates [x]=3435
[#0] WARNING:Plotting -- WARNING: Function evaluation error(s) at coordinates [x]=3445
[#0] WARNING:Plotting -- WARNING: Function evaluation error(s) at coordinates [x]=3455
[#0] WARNING:Plotting -- WARNING: Function evaluation error(s) at coordinates [x]=3465
[#0] WARNING:Plotting -- WARNING: Function evaluation error(s) at coordinates [x]=3475
[#0] WARNING:Plotting -- WARNING: Function evaluation error(s) at coordinates [x]=3485
[#0] WARNING:Plotting -- WARNING: Function evaluation error(s) at coordinates [x]=3495
[#0] WARNING:Plotting -- WARNING: Function evaluation error(s) at coordinates [x]=3505
[#0] WARNING:Plotting -- WARNING: Function evaluation error(s) at coordinates [x]=3515
[#0] WARNING:Plotting -- WARNING: Function evaluation error(s) at coordinates [x]=3525
[#0] WARNING:Plotting -- WARNING: Function evaluation error(s) at coordinates [x]=3535
[#0] WARNING:Plotting -- WARNING: Function evaluation error(s) at coordinates [x]=3545
[#0] WARNING:Plotting -- WARNING: Function evaluation error(s) at coordinates [x]=3555
[#0] WARNING:Plotting -- WARNING: Function evaluation error(s) at coordinates [x]=3565
[#0] WARNING:Plotting -- WARNING: Function evaluation error(s) at coordinates [x]=3575
[#0] WARNING:Plotting -- WARNING: Function evaluation error(s) at coordinates [x]=3585
[#0] WARNING:Plotting -- WARNING: Function evaluation error(s) at coordinates [x]=3595
[#0] WARNING:Plotting -- WARNING: Function evaluation error(s) at coordinates [x]=3605
[#0] WARNING:Plotting -- WARNING: Function evaluation error(s) at coordinates [x]=3615
[#0] WARNING:Plotting -- WARNING: Function evaluation error(s) at coordinates [x]=3625
[#0] WARNING:Plotting -- WARNING: Function evaluation error(s) at coordinates [x]=3635
[#0] WARNING:Plotting -- WARNING: Function evaluation error(s) at coordinates [x]=3645
[#0] WARNING:Plotting -- WARNING: Function evaluation error(s) at coordinates [x]=3655
[#0] WARNING:Plotting -- WARNING: Function evaluation error(s) at coordinates [x]=3665
[#0] WARNING:Plotting -- WARNING: Function evaluation error(s) at coordinates [x]=3675
[#0] WARNING:Plotting -- WARNING: Function evaluation error(s) at coordinates [x]=3685
[#0] WARNING:Plotting -- WARNING: Function evaluation error(s) at coordinates [x]=3695
[#0] WARNING:Plotting -- WARNING: Function evaluation error(s) at coordinates [x]=3705
[#0] WARNING:Plotting -- WARNING: Function evaluation error(s) at coordinates [x]=3715
[#0] WARNING:Plotting -- WARNING: Function evaluation error(s) at coordinates [x]=3725
[#0] WARNING:Plotting -- WARNING: Function evaluation error(s) at coordinates [x]=3735
[#0] WARNING:Plotting -- WARNING: Function evaluation error(s) at coordinates [x]=3745
[#0] WARNING:Plotting -- WARNING: Function evaluation error(s) at coordinates [x]=3755
[#0] WARNING:Plotting -- WARNING: Function evaluation error(s) at coordinates [x]=3765
[#0] WARNING:Plotting -- WARNING: Function evaluation error(s) at coordinates [x]=3775
[#0] WARNING:Plotting -- WARNING: Function evaluation error(s) at coordinates [x]=3785
[#0] WARNING:Plotting -- WARNING: Function evaluation error(s) at coordinates [x]=3795
[#0] WARNING:Plotting -- WARNING: Function evaluation error(s) at coordinates [x]=3805
[#0] WARNING:Plotting -- WARNING: Function evaluation error(s) at coordinates [x]=3815
[#0] WARNING:Plotting -- WARNING: Function evaluation error(s) at coordinates [x]=3825
[#0] WARNING:Plotting -- WARNING: Function evaluation error(s) at coordinates [x]=3835
[#0] WARNING:Plotting -- WARNING: Function evaluation error(s) at coordinates [x]=3845
[#0] WARNING:Plotting -- WARNING: Function evaluation error(s) at coordinates [x]=3855
[#0] WARNING:Plotting -- WARNING: Function evaluation error(s) at coordinates [x]=3865
[#0] WARNING:Plotting -- WARNING: Function evaluation error(s) at coordinates [x]=3875
[#0] WARNING:Plotting -- WARNING: Function evaluation error(s) at coordinates [x]=3885
[#0] WARNING:Plotting -- WARNING: Function evaluation error(s) at coordinates [x]=3895
[#0] WARNING:Plotting -- WARNING: Function evaluation error(s) at coordinates [x]=3905
[#0] WARNING:Plotting -- WARNING: Function evaluation error(s) at coordinates [x]=3915
[#0] WARNING:Plotting -- WARNING: Function evaluation error(s) at coordinates [x]=3925
[#0] WARNING:Plotting -- WARNING: Function evaluation error(s) at coordinates [x]=3935
[#0] WARNING:Plotting -- WARNING: Function evaluation error(s) at coordinates [x]=3945
[#0] WARNING:Plotting -- WARNING: Function evaluation error(s) at coordinates [x]=3955
[#0] WARNING:Plotting -- WARNING: Function evaluation error(s) at coordinates [x]=3965
[#0] WARNING:Plotting -- WARNING: Function evaluation error(s) at coordinates [x]=3975
[#0] WARNING:Plotting -- WARNING: Function evaluation error(s) at coordinates [x]=3985
[#0] WARNING:Plotting -- WARNING: Function evaluation error(s) at coordinates [x]=3995
[#0] WARNING:Plotting -- WARNING: Function evaluation error(s) at coordinates [x]=4005
[#0] WARNING:Plotting -- WARNING: Function evaluation error(s) at coordinates [x]=4015
[#0] WARNING:Plotting -- WARNING: Function evaluation error(s) at coordinates [x]=4025
[#0] WARNING:Plotting -- WARNING: Function evaluation error(s) at coordinates [x]=4035
[#0] WARNING:Plotting -- WARNING: Function evaluation error(s) at coordinates [x]=4045
[#0] WARNING:Plotting -- WARNING: Function evaluation error(s) at coordinates [x]=4055
[#0] WARNING:Plotting -- WARNING: Function evaluation error(s) at coordinates [x]=4065
[#0] WARNING:Plotting -- WARNING: Function evaluation error(s) at coordinates [x]=4075
[#0] WARNING:Plotting -- WARNING: Function evaluation error(s) at coordinates [x]=4085
[#0] WARNING:Plotting -- WARNING: Function evaluation error(s) at coordinates [x]=4095
[#0] WARNING:Plotting -- WARNING: Function evaluation error(s) at coordinates [x]=4105
[#0] WARNING:Plotting -- WARNING: Function evaluation error(s) at coordinates [x]=4115
[#0] WARNING:Plotting -- WARNING: Function evaluation error(s) at coordinates [x]=4125
[#0] WARNING:Plotting -- WARNING: Function evaluation error(s) at coordinates [x]=4135
[#0] WARNING:Plotting -- WARNING: Function evaluation error(s) at coordinates [x]=4145
[#0] WARNING:Plotting -- WARNING: Function evaluation error(s) at coordinates [x]=4155
[#0] WARNING:Plotting -- WARNING: Function evaluation error(s) at coordinates [x]=4165
[#0] WARNING:Plotting -- WARNING: Function evaluation error(s) at coordinates [x]=4175
[#0] WARNING:Plotting -- WARNING: Function evaluation error(s) at coordinates [x]=4185
[#0] WARNING:Plotting -- WARNING: Function evaluation error(s) at coordinates [x]=4195
[#0] WARNING:Plotting -- WARNING: Function evaluation error(s) at coordinates [x]=4205
[#0] WARNING:Plotting -- WARNING: Function evaluation error(s) at coordinates [x]=4215
[#0] WARNING:Plotting -- WARNING: Function evaluation error(s) at coordinates [x]=4225
[#0] WARNING:Plotting -- WARNING: Function evaluation error(s) at coordinates [x]=4235
[#0] WARNING:Plotting -- WARNING: Function evaluation error(s) at coordinates [x]=4245
[#0] WARNING:Plotting -- WARNING: Function evaluation error(s) at coordinates [x]=4255
[#0] WARNING:Plotting -- WARNING: Function evaluation error(s) at coordinates [x]=4265
[#0] WARNING:Plotting -- WARNING: Function evaluation error(s) at coordinates [x]=4275
[#0] WARNING:Plotting -- WARNING: Function evaluation error(s) at coordinates [x]=4285
[#0] WARNING:Plotting -- WARNING: Function evaluation error(s) at coordinates [x]=4295
[#0] WARNING:Plotting -- WARNING: Function evaluation error(s) at coordinates [x]=4305
[#0] WARNING:Plotting -- WARNING: Function evaluation error(s) at coordinates [x]=4315
[#0] WARNING:Plotting -- WARNING: Function evaluation error(s) at coordinates [x]=4325
[#0] WARNING:Plotting -- WARNING: Function evaluation error(s) at coordinates [x]=4335
[#0] WARNING:Plotting -- WARNING: Function evaluation error(s) at coordinates [x]=4345
[#0] WARNING:Plotting -- WARNING: Function evaluation error(s) at coordinates [x]=4355
[#0] WARNING:Plotting -- WARNING: Function evaluation error(s) at coordinates [x]=4365
[#0] WARNING:Plotting -- WARNING: Function evaluation error(s) at coordinates [x]=4375
[#0] WARNING:Plotting -- WARNING: Function evaluation error(s) at coordinates [x]=4385
[#0] WARNING:Plotting -- WARNING: Function evaluation error(s) at coordinates [x]=4395
[#0] WARNING:Plotting -- WARNING: Function evaluation error(s) at coordinates [x]=4405
[#0] WARNING:Plotting -- WARNING: Function evaluation error(s) at coordinates [x]=4415
[#0] WARNING:Plotting -- WARNING: Function evaluation error(s) at coordinates [x]=4425
[#0] WARNING:Plotting -- WARNING: Function evaluation error(s) at coordinates [x]=4435
[#0] WARNING:Plotting -- WARNING: Function evaluation error(s) at coordinates [x]=4445
[#0] WARNING:Plotting -- WARNING: Function evaluation error(s) at coordinates [x]=4455
[#0] WARNING:Plotting -- WARNING: Function evaluation error(s) at coordinates [x]=4465
[#0] WARNING:Plotting -- WARNING: Function evaluation error(s) at coordinates [x]=4475
[#0] WARNING:Plotting -- WARNING: Function evaluation error(s) at coordinates [x]=4485
[#0] WARNING:Plotting -- WARNING: Function evaluation error(s) at coordinates [x]=4495
[#0] WARNING:Plotting -- WARNING: Function evaluation error(s) at coordinates [x]=4505
[#0] WARNING:Plotting -- WARNING: Function evaluation error(s) at coordinates [x]=4515
[#0] WARNING:Plotting -- WARNING: Function evaluation error(s) at coordinates [x]=4525
[#0] WARNING:Plotting -- WARNING: Function evaluation error(s) at coordinates [x]=4535
[#0] WARNING:Plotting -- WARNING: Function evaluation error(s) at coordinates [x]=4545
[#0] WARNING:Plotting -- WARNING: Function evaluation error(s) at coordinates [x]=4555
[#0] WARNING:Plotting -- WARNING: Function evaluation error(s) at coordinates [x]=4565
[#0] WARNING:Plotting -- WARNING: Function evaluation error(s) at coordinates [x]=4575
[#0] WARNING:Plotting -- WARNING: Function evaluation error(s) at coordinates [x]=4585
[#0] WARNING:Plotting -- WARNING: Function evaluation error(s) at coordinates [x]=4595
[#0] WARNING:Plotting -- WARNING: Function evaluation error(s) at coordinates [x]=4605
[#0] WARNING:Plotting -- WARNING: Function evaluation error(s) at coordinates [x]=4615
[#0] WARNING:Plotting -- WARNING: Function evaluation error(s) at coordinates [x]=4625
[#0] WARNING:Plotting -- WARNING: Function evaluation error(s) at coordinates [x]=4635
[#0] WARNING:Plotting -- WARNING: Function evaluation error(s) at coordinates [x]=4645
[#0] WARNING:Plotting -- WARNING: Function evaluation error(s) at coordinates [x]=4655
[#0] WARNING:Plotting -- WARNING: Function evaluation error(s) at coordinates [x]=4665
[#0] WARNING:Plotting -- WARNING: Function evaluation error(s) at coordinates [x]=4675
[#0] WARNING:Plotting -- WARNING: Function evaluation error(s) at coordinates [x]=4685
[#0] WARNING:Plotting -- WARNING: Function evaluation error(s) at coordinates [x]=4695
[#0] WARNING:Plotting -- WARNING: Function evaluation error(s) at coordinates [x]=4705
[#0] WARNING:Plotting -- WARNING: Function evaluation error(s) at coordinates [x]=4715
[#0] WARNING:Plotting -- WARNING: Function evaluation error(s) at coordinates [x]=4725
[#0] WARNING:Plotting -- WARNING: Function evaluation error(s) at coordinates [x]=4735
[#0] WARNING:Plotting -- WARNING: Function evaluation error(s) at coordinates [x]=4745
[#0] ERROR:Eval -- RooAbsReal::logEvalError(shapeSig_monoHnnbb_MZ800_MA700_bb_nnbb) evaluation error, 
 origin       : RooCBShape::shapeSig_monoHnnbb_MZ800_MA700_bb_nnbb[ m=VH_mass m0=monoHnnbb_MZ800_MA700_vmean sigma=monoHnnbb_MZ800_MA700_vsigma alpha=monoHnnbb_MZ800_MA700_valpha1 n=monoHnnbb_MZ800_MA700_vslope1 ]
 message      : p.d.f normalization integral is zero or negative
 server values: m=VH_mass=4745, m0=monoHnnbb_MZ800_MA700_vmean=315, sigma=monoHnnbb_MZ800_MA700_vsigma=22.5, alpha=monoHnnbb_MZ800_MA700_valpha1=0, n=monoHnnbb_MZ800_MA700_vslope1=1
[#0] WARNING:Plotting -- WARNING: Function evaluation error(s) at coordinates [x]=755
[#0] WARNING:Plotting -- WARNING: Function evaluation error(s) at coordinates [x]=765
[#0] WARNING:Plotting -- WARNING: Function evaluation error(s) at coordinates [x]=775
[#0] WARNING:Plotting -- WARNING: Function evaluation error(s) at coordinates [x]=785
[#0] WARNING:Plotting -- WARNING: Function evaluation error(s) at coordinates [x]=795
[#0] WARNING:Plotting -- WARNING: Function evaluation error(s) at coordinates [x]=805
[#0] WARNING:Plotting -- WARNING: Function evaluation error(s) at coordinates [x]=815
[#0] WARNING:Plotting -- WARNING: Function evaluation error(s) at coordinates [x]=825
[#0] WARNING:Plotting -- WARNING: Function evaluation error(s) at coordinates [x]=835
[#0] WARNING:Plotting -- WARNING: Function evaluation error(s) at coordinates [x]=845
[#0] WARNING:Plotting -- WARNING: Function evaluation error(s) at coordinates [x]=855
[#0] WARNING:Plotting -- WARNING: Function evaluation error(s) at coordinates [x]=865
[#0] WARNING:Plotting -- WARNING: Function evaluation error(s) at coordinates [x]=875
[#0] WARNING:Plotting -- WARNING: Function evaluation error(s) at coordinates [x]=885
[#0] WARNING:Plotting -- WARNING: Function evaluation error(s) at coordinates [x]=895
[#0] WARNING:Plotting -- WARNING: Function evaluation error(s) at coordinates [x]=905
[#0] WARNING:Plotting -- WARNING: Function evaluation error(s) at coordinates [x]=915
[#0] WARNING:Plotting -- WARNING: Function evaluation error(s) at coordinates [x]=925
[#0] WARNING:Plotting -- WARNING: Function evaluation error(s) at coordinates [x]=935
[#0] WARNING:Plotting -- WARNING: Function evaluation error(s) at coordinates [x]=945
[#0] WARNING:Plotting -- WARNING: Function evaluation error(s) at coordinates [x]=955
[#0] WARNING:Plotting -- WARNING: Function evaluation error(s) at coordinates [x]=965
[#0] WARNING:Plotting -- WARNING: Function evaluation error(s) at coordinates [x]=975
[#0] WARNING:Plotting -- WARNING: Function evaluation error(s) at coordinates [x]=985
[#0] WARNING:Plotting -- WARNING: Function evaluation error(s) at coordinates [x]=995
[#0] WARNING:Plotting -- WARNING: Function evaluation error(s) at coordinates [x]=1005
[#0] WARNING:Plotting -- WARNING: Function evaluation error(s) at coordinates [x]=1015
[#0] WARNING:Plotting -- WARNING: Function evaluation error(s) at coordinates [x]=1025
[#0] WARNING:Plotting -- WARNING: Function evaluation error(s) at coordinates [x]=1035
[#0] WARNING:Plotting -- WARNING: Function evaluation error(s) at coordinates [x]=1045
[#0] WARNING:Plotting -- WARNING: Function evaluation error(s) at coordinates [x]=1055
[#0] WARNING:Plotting -- WARNING: Function evaluation error(s) at coordinates [x]=1065
[#0] WARNING:Plotting -- WARNING: Function evaluation error(s) at coordinates [x]=1075
[#0] WARNING:Plotting -- WARNING: Function evaluation error(s) at coordinates [x]=1085
[#0] WARNING:Plotting -- WARNING: Function evaluation error(s) at coordinates [x]=1095
[#0] WARNING:Plotting -- WARNING: Function evaluation error(s) at coordinates [x]=1105
[#0] WARNING:Plotting -- WARNING: Function evaluation error(s) at coordinates [x]=1115
[#0] WARNING:Plotting -- WARNING: Function evaluation error(s) at coordinates [x]=1125
[#0] WARNING:Plotting -- WARNING: Function evaluation error(s) at coordinates [x]=1135
[#0] WARNING:Plotting -- WARNING: Function evaluation error(s) at coordinates [x]=1145
[#0] WARNING:Plotting -- WARNING: Function evaluation error(s) at coordinates [x]=1155
[#0] WARNING:Plotting -- WARNING: Function evaluation error(s) at coordinates [x]=1165
[#0] WARNING:Plotting -- WARNING: Function evaluation error(s) at coordinates [x]=1175
[#0] WARNING:Plotting -- WARNING: Function evaluation error(s) at coordinates [x]=1185
[#0] WARNING:Plotting -- WARNING: Function evaluation error(s) at coordinates [x]=1195
[#0] WARNING:Plotting -- WARNING: Function evaluation error(s) at coordinates [x]=1205
[#0] WARNING:Plotting -- WARNING: Function evaluation error(s) at coordinates [x]=1215
[#0] WARNING:Plotting -- WARNING: Function evaluation error(s) at coordinates [x]=1225
[#0] WARNING:Plotting -- WARNING: Function evaluation error(s) at coordinates [x]=1235
[#0] WARNING:Plotting -- WARNING: Function evaluation error(s) at coordinates [x]=1245
[#0] WARNING:Plotting -- WARNING: Function evaluation error(s) at coordinates [x]=1255
[#0] WARNING:Plotting -- WARNING: Function evaluation error(s) at coordinates [x]=1265
[#0] WARNING:Plotting -- WARNING: Function evaluation error(s) at coordinates [x]=1275
[#0] WARNING:Plotting -- WARNING: Function evaluation error(s) at coordinates [x]=1285
[#0] WARNING:Plotting -- WARNING: Function evaluation error(s) at coordinates [x]=1295
[#0] WARNING:Plotting -- WARNING: Function evaluation error(s) at coordinates [x]=1305
[#0] WARNING:Plotting -- WARNING: Function evaluation error(s) at coordinates [x]=1315
[#0] WARNING:Plotting -- WARNING: Function evaluation error(s) at coordinates [x]=1325
[#0] WARNING:Plotting -- WARNING: Function evaluation error(s) at coordinates [x]=1335
[#0] WARNING:Plotting -- WARNING: Function evaluation error(s) at coordinates [x]=1345
[#0] WARNING:Plotting -- WARNING: Function evaluation error(s) at coordinates [x]=1355
[#0] WARNING:Plotting -- WARNING: Function evaluation error(s) at coordinates [x]=1365
[#0] WARNING:Plotting -- WARNING: Function evaluation error(s) at coordinates [x]=1375
[#0] WARNING:Plotting -- WARNING: Function evaluation error(s) at coordinates [x]=1385
[#0] WARNING:Plotting -- WARNING: Function evaluation error(s) at coordinates [x]=1395
[#0] WARNING:Plotting -- WARNING: Function evaluation error(s) at coordinates [x]=1405
[#0] WARNING:Plotting -- WARNING: Function evaluation error(s) at coordinates [x]=1415
[#0] WARNING:Plotting -- WARNING: Function evaluation error(s) at coordinates [x]=1425
[#0] WARNING:Plotting -- WARNING: Function evaluation error(s) at coordinates [x]=1435
[#0] WARNING:Plotting -- WARNING: Function evaluation error(s) at coordinates [x]=1445
[#0] WARNING:Plotting -- WARNING: Function evaluation error(s) at coordinates [x]=1455
[#0] WARNING:Plotting -- WARNING: Function evaluation error(s) at coordinates [x]=1465
[#0] WARNING:Plotting -- WARNING: Function evaluation error(s) at coordinates [x]=1475
[#0] WARNING:Plotting -- WARNING: Function evaluation error(s) at coordinates [x]=1485
[#0] WARNING:Plotting -- WARNING: Function evaluation error(s) at coordinates [x]=1495
[#0] WARNING:Plotting -- WARNING: Function evaluation error(s) at coordinates [x]=1505
[#0] WARNING:Plotting -- WARNING: Function evaluation error(s) at coordinates [x]=1515
[#0] WARNING:Plotting -- WARNING: Function evaluation error(s) at coordinates [x]=1525
[#0] WARNING:Plotting -- WARNING: Function evaluation error(s) at coordinates [x]=1535
[#0] WARNING:Plotting -- WARNING: Function evaluation error(s) at coordinates [x]=1545
[#0] WARNING:Plotting -- WARNING: Function evaluation error(s) at coordinates [x]=1555
[#0] WARNING:Plotting -- WARNING: Function evaluation error(s) at coordinates [x]=1565
[#0] WARNING:Plotting -- WARNING: Function evaluation error(s) at coordinates [x]=1575
[#0] WARNING:Plotting -- WARNING: Function evaluation error(s) at coordinates [x]=1585
[#0] WARNING:Plotting -- WARNING: Function evaluation error(s) at coordinates [x]=1595
[#0] WARNING:Plotting -- WARNING: Function evaluation error(s) at coordinates [x]=1605
[#0] WARNING:Plotting -- WARNING: Function evaluation error(s) at coordinates [x]=1615
[#0] WARNING:Plotting -- WARNING: Function evaluation error(s) at coordinates [x]=1625
[#0] WARNING:Plotting -- WARNING: Function evaluation error(s) at coordinates [x]=1635
[#0] WARNING:Plotting -- WARNING: Function evaluation error(s) at coordinates [x]=1645
[#0] WARNING:Plotting -- WARNING: Function evaluation error(s) at coordinates [x]=1655
[#0] WARNING:Plotting -- WARNING: Function evaluation error(s) at coordinates [x]=1665
[#0] WARNING:Plotting -- WARNING: Function evaluation error(s) at coordinates [x]=1675
[#0] WARNING:Plotting -- WARNING: Function evaluation error(s) at coordinates [x]=1685
[#0] WARNING:Plotting -- WARNING: Function evaluation error(s) at coordinates [x]=1695
[#0] WARNING:Plotting -- WARNING: Function evaluation error(s) at coordinates [x]=1705
[#0] WARNING:Plotting -- WARNING: Function evaluation error(s) at coordinates [x]=1715
[#0] WARNING:Plotting -- WARNING: Function evaluation error(s) at coordinates [x]=1725
[#0] WARNING:Plotting -- WARNING: Function evaluation error(s) at coordinates [x]=1735
[#0] WARNING:Plotting -- WARNING: Function evaluation error(s) at coordinates [x]=1745
[#0] WARNING:Plotting -- WARNING: Function evaluation error(s) at coordinates [x]=1755
[#0] WARNING:Plotting -- WARNING: Function evaluation error(s) at coordinates [x]=1765
[#0] WARNING:Plotting -- WARNING: Function evaluation error(s) at coordinates [x]=1775
[#0] WARNING:Plotting -- WARNING: Function evaluation error(s) at coordinates [x]=1785
[#0] WARNING:Plotting -- WARNING: Function evaluation error(s) at coordinates [x]=1795
[#0] WARNING:Plotting -- WARNING: Function evaluation error(s) at coordinates [x]=1805
[#0] WARNING:Plotting -- WARNING: Function evaluation error(s) at coordinates [x]=1815
[#0] WARNING:Plotting -- WARNING: Function evaluation error(s) at coordinates [x]=1825
[#0] WARNING:Plotting -- WARNING: Function evaluation error(s) at coordinates [x]=1835
[#0] WARNING:Plotting -- WARNING: Function evaluation error(s) at coordinates [x]=1845
[#0] WARNING:Plotting -- WARNING: Function evaluation error(s) at coordinates [x]=1855
[#0] WARNING:Plotting -- WARNING: Function evaluation error(s) at coordinates [x]=1865
[#0] WARNING:Plotting -- WARNING: Function evaluation error(s) at coordinates [x]=1875
[#0] WARNING:Plotting -- WARNING: Function evaluation error(s) at coordinates [x]=1885
[#0] WARNING:Plotting -- WARNING: Function evaluation error(s) at coordinates [x]=1895
[#0] WARNING:Plotting -- WARNING: Function evaluation error(s) at coordinates [x]=1905
[#0] WARNING:Plotting -- WARNING: Function evaluation error(s) at coordinates [x]=1915
[#0] WARNING:Plotting -- WARNING: Function evaluation error(s) at coordinates [x]=1925
[#0] WARNING:Plotting -- WARNING: Function evaluation error(s) at coordinates [x]=1935
[#0] WARNING:Plotting -- WARNING: Function evaluation error(s) at coordinates [x]=1945
[#0] WARNING:Plotting -- WARNING: Function evaluation error(s) at coordinates [x]=1955
[#0] WARNING:Plotting -- WARNING: Function evaluation error(s) at coordinates [x]=1965
[#0] WARNING:Plotting -- WARNING: Function evaluation error(s) at coordinates [x]=1975
[#0] WARNING:Plotting -- WARNING: Function evaluation error(s) at coordinates [x]=1985
[#0] WARNING:Plotting -- WARNING: Function evaluation error(s) at coordinates [x]=1995
[#0] WARNING:Plotting -- WARNING: Function evaluation error(s) at coordinates [x]=2005
[#0] WARNING:Plotting -- WARNING: Function evaluation error(s) at coordinates [x]=2015
[#0] WARNING:Plotting -- WARNING: Function evaluation error(s) at coordinates [x]=2025
[#0] WARNING:Plotting -- WARNING: Function evaluation error(s) at coordinates [x]=2035
[#0] WARNING:Plotting -- WARNING: Function evaluation error(s) at coordinates [x]=2045
[#0] WARNING:Plotting -- WARNING: Function evaluation error(s) at coordinates [x]=2055
[#0] WARNING:Plotting -- WARNING: Function evaluation error(s) at coordinates [x]=2065
[#0] WARNING:Plotting -- WARNING: Function evaluation error(s) at coordinates [x]=2075
[#0] WARNING:Plotting -- WARNING: Function evaluation error(s) at coordinates [x]=2085
[#0] WARNING:Plotting -- WARNING: Function evaluation error(s) at coordinates [x]=2095
[#0] WARNING:Plotting -- WARNING: Function evaluation error(s) at coordinates [x]=2105
[#0] WARNING:Plotting -- WARNING: Function evaluation error(s) at coordinates [x]=2115
[#0] WARNING:Plotting -- WARNING: Function evaluation error(s) at coordinates [x]=2125
[#0] WARNING:Plotting -- WARNING: Function evaluation error(s) at coordinates [x]=2135
[#0] WARNING:Plotting -- WARNING: Function evaluation error(s) at coordinates [x]=2145
[#0] WARNING:Plotting -- WARNING: Function evaluation error(s) at coordinates [x]=2155
[#0] WARNING:Plotting -- WARNING: Function evaluation error(s) at coordinates [x]=2165
[#0] WARNING:Plotting -- WARNING: Function evaluation error(s) at coordinates [x]=2175
[#0] WARNING:Plotting -- WARNING: Function evaluation error(s) at coordinates [x]=2185
[#0] WARNING:Plotting -- WARNING: Function evaluation error(s) at coordinates [x]=2195
[#0] WARNING:Plotting -- WARNING: Function evaluation error(s) at coordinates [x]=2205
[#0] WARNING:Plotting -- WARNING: Function evaluation error(s) at coordinates [x]=2215
[#0] WARNING:Plotting -- WARNING: Function evaluation error(s) at coordinates [x]=2225
[#0] WARNING:Plotting -- WARNING: Function evaluation error(s) at coordinates [x]=2235
[#0] WARNING:Plotting -- WARNING: Function evaluation error(s) at coordinates [x]=2245
[#0] WARNING:Plotting -- WARNING: Function evaluation error(s) at coordinates [x]=2255
[#0] WARNING:Plotting -- WARNING: Function evaluation error(s) at coordinates [x]=2265
[#0] WARNING:Plotting -- WARNING: Function evaluation error(s) at coordinates [x]=2275
[#0] WARNING:Plotting -- WARNING: Function evaluation error(s) at coordinates [x]=2285
[#0] WARNING:Plotting -- WARNING: Function evaluation error(s) at coordinates [x]=2295
[#0] WARNING:Plotting -- WARNING: Function evaluation error(s) at coordinates [x]=2305
[#0] WARNING:Plotting -- WARNING: Function evaluation error(s) at coordinates [x]=2315
[#0] WARNING:Plotting -- WARNING: Function evaluation error(s) at coordinates [x]=2325
[#0] WARNING:Plotting -- WARNING: Function evaluation error(s) at coordinates [x]=2335
[#0] WARNING:Plotting -- WARNING: Function evaluation error(s) at coordinates [x]=2345
[#0] WARNING:Plotting -- WARNING: Function evaluation error(s) at coordinates [x]=2355
[#0] WARNING:Plotting -- WARNING: Function evaluation error(s) at coordinates [x]=2365
[#0] WARNING:Plotting -- WARNING: Function evaluation error(s) at coordinates [x]=2375
[#0] WARNING:Plotting -- WARNING: Function evaluation error(s) at coordinates [x]=2385
[#0] WARNING:Plotting -- WARNING: Function evaluation error(s) at coordinates [x]=2395
[#0] WARNING:Plotting -- WARNING: Function evaluation error(s) at coordinates [x]=2405
[#0] WARNING:Plotting -- WARNING: Function evaluation error(s) at coordinates [x]=2415
[#0] WARNING:Plotting -- WARNING: Function evaluation error(s) at coordinates [x]=2425
[#0] WARNING:Plotting -- WARNING: Function evaluation error(s) at coordinates [x]=2435
[#0] WARNING:Plotting -- WARNING: Function evaluation error(s) at coordinates [x]=2445
[#0] WARNING:Plotting -- WARNING: Function evaluation error(s) at coordinates [x]=2455
[#0] WARNING:Plotting -- WARNING: Function evaluation error(s) at coordinates [x]=2465
[#0] WARNING:Plotting -- WARNING: Function evaluation error(s) at coordinates [x]=2475
[#0] WARNING:Plotting -- WARNING: Function evaluation error(s) at coordinates [x]=2485
[#0] WARNING:Plotting -- WARNING: Function evaluation error(s) at coordinates [x]=2495
[#0] WARNING:Plotting -- WARNING: Function evaluation error(s) at coordinates [x]=2505
[#0] WARNING:Plotting -- WARNING: Function evaluation error(s) at coordinates [x]=2515
[#0] WARNING:Plotting -- WARNING: Function evaluation error(s) at coordinates [x]=2525
[#0] WARNING:Plotting -- WARNING: Function evaluation error(s) at coordinates [x]=2535
[#0] WARNING:Plotting -- WARNING: Function evaluation error(s) at coordinates [x]=2545
[#0] WARNING:Plotting -- WARNING: Function evaluation error(s) at coordinates [x]=2555
[#0] WARNING:Plotting -- WARNING: Function evaluation error(s) at coordinates [x]=2565
[#0] WARNING:Plotting -- WARNING: Function evaluation error(s) at coordinates [x]=2575
[#0] WARNING:Plotting -- WARNING: Function evaluation error(s) at coordinates [x]=2585
[#0] WARNING:Plotting -- WARNING: Function evaluation error(s) at coordinates [x]=2595
[#0] WARNING:Plotting -- WARNING: Function evaluation error(s) at coordinates [x]=2605
[#0] WARNING:Plotting -- WARNING: Function evaluation error(s) at coordinates [x]=2615
[#0] WARNING:Plotting -- WARNING: Function evaluation error(s) at coordinates [x]=2625
[#0] WARNING:Plotting -- WARNING: Function evaluation error(s) at coordinates [x]=2635
[#0] WARNING:Plotting -- WARNING: Function evaluation error(s) at coordinates [x]=2645
[#0] WARNING:Plotting -- WARNING: Function evaluation error(s) at coordinates [x]=2655
[#0] WARNING:Plotting -- WARNING: Function evaluation error(s) at coordinates [x]=2665
[#0] WARNING:Plotting -- WARNING: Function evaluation error(s) at coordinates [x]=2675
[#0] WARNING:Plotting -- WARNING: Function evaluation error(s) at coordinates [x]=2685
[#0] WARNING:Plotting -- WARNING: Function evaluation error(s) at coordinates [x]=2695
[#0] WARNING:Plotting -- WARNING: Function evaluation error(s) at coordinates [x]=2705
[#0] WARNING:Plotting -- WARNING: Function evaluation error(s) at coordinates [x]=2715
[#0] WARNING:Plotting -- WARNING: Function evaluation error(s) at coordinates [x]=2725
[#0] WARNING:Plotting -- WARNING: Function evaluation error(s) at coordinates [x]=2735
[#0] WARNING:Plotting -- WARNING: Function evaluation error(s) at coordinates [x]=2745
[#0] WARNING:Plotting -- WARNING: Function evaluation error(s) at coordinates [x]=2755
[#0] WARNING:Plotting -- WARNING: Function evaluation error(s) at coordinates [x]=2765
[#0] WARNING:Plotting -- WARNING: Function evaluation error(s) at coordinates [x]=2775
[#0] WARNING:Plotting -- WARNING: Function evaluation error(s) at coordinates [x]=2785
[#0] WARNING:Plotting -- WARNING: Function evaluation error(s) at coordinates [x]=2795
[#0] WARNING:Plotting -- WARNING: Function evaluation error(s) at coordinates [x]=2805
[#0] WARNING:Plotting -- WARNING: Function evaluation error(s) at coordinates [x]=2815
[#0] WARNING:Plotting -- WARNING: Function evaluation error(s) at coordinates [x]=2825
[#0] WARNING:Plotting -- WARNING: Function evaluation error(s) at coordinates [x]=2835
[#0] WARNING:Plotting -- WARNING: Function evaluation error(s) at coordinates [x]=2845
[#0] WARNING:Plotting -- WARNING: Function evaluation error(s) at coordinates [x]=2855
[#0] WARNING:Plotting -- WARNING: Function evaluation error(s) at coordinates [x]=2865
[#0] WARNING:Plotting -- WARNING: Function evaluation error(s) at coordinates [x]=2875
[#0] WARNING:Plotting -- WARNING: Function evaluation error(s) at coordinates [x]=2885
[#0] WARNING:Plotting -- WARNING: Function evaluation error(s) at coordinates [x]=2895
[#0] WARNING:Plotting -- WARNING: Function evaluation error(s) at coordinates [x]=2905
[#0] WARNING:Plotting -- WARNING: Function evaluation error(s) at coordinates [x]=2915
[#0] WARNING:Plotting -- WARNING: Function evaluation error(s) at coordinates [x]=2925
[#0] WARNING:Plotting -- WARNING: Function evaluation error(s) at coordinates [x]=2935
[#0] WARNING:Plotting -- WARNING: Function evaluation error(s) at coordinates [x]=2945
[#0] WARNING:Plotting -- WARNING: Function evaluation error(s) at coordinates [x]=2955
[#0] WARNING:Plotting -- WARNING: Function evaluation error(s) at coordinates [x]=2965
[#0] WARNING:Plotting -- WARNING: Function evaluation error(s) at coordinates [x]=2975
[#0] WARNING:Plotting -- WARNING: Function evaluation error(s) at coordinates [x]=2985
[#0] WARNING:Plotting -- WARNING: Function evaluation error(s) at coordinates [x]=2995
[#0] WARNING:Plotting -- WARNING: Function evaluation error(s) at coordinates [x]=3005
[#0] WARNING:Plotting -- WARNING: Function evaluation error(s) at coordinates [x]=3015
[#0] WARNING:Plotting -- WARNING: Function evaluation error(s) at coordinates [x]=3025
[#0] WARNING:Plotting -- WARNING: Function evaluation error(s) at coordinates [x]=3035
[#0] WARNING:Plotting -- WARNING: Function evaluation error(s) at coordinates [x]=3045
[#0] WARNING:Plotting -- WARNING: Function evaluation error(s) at coordinates [x]=3055
[#0] WARNING:Plotting -- WARNING: Function evaluation error(s) at coordinates [x]=3065
[#0] WARNING:Plotting -- WARNING: Function evaluation error(s) at coordinates [x]=3075
[#0] WARNING:Plotting -- WARNING: Function evaluation error(s) at coordinates [x]=3085
[#0] WARNING:Plotting -- WARNING: Function evaluation error(s) at coordinates [x]=3095
[#0] WARNING:Plotting -- WARNING: Function evaluation error(s) at coordinates [x]=3105
[#0] WARNING:Plotting -- WARNING: Function evaluation error(s) at coordinates [x]=3115
[#0] WARNING:Plotting -- WARNING: Function evaluation error(s) at coordinates [x]=3125
[#0] WARNING:Plotting -- WARNING: Function evaluation error(s) at coordinates [x]=3135
[#0] WARNING:Plotting -- WARNING: Function evaluation error(s) at coordinates [x]=3145
[#0] WARNING:Plotting -- WARNING: Function evaluation error(s) at coordinates [x]=3155
[#0] WARNING:Plotting -- WARNING: Function evaluation error(s) at coordinates [x]=3165
[#0] WARNING:Plotting -- WARNING: Function evaluation error(s) at coordinates [x]=3175
[#0] WARNING:Plotting -- WARNING: Function evaluation error(s) at coordinates [x]=3185
[#0] WARNING:Plotting -- WARNING: Function evaluation error(s) at coordinates [x]=3195
[#0] WARNING:Plotting -- WARNING: Function evaluation error(s) at coordinates [x]=3205
[#0] WARNING:Plotting -- WARNING: Function evaluation error(s) at coordinates [x]=3215
[#0] WARNING:Plotting -- WARNING: Function evaluation error(s) at coordinates [x]=3225
[#0] WARNING:Plotting -- WARNING: Function evaluation error(s) at coordinates [x]=3235
[#0] WARNING:Plotting -- WARNING: Function evaluation error(s) at coordinates [x]=3245
[#0] WARNING:Plotting -- WARNING: Function evaluation error(s) at coordinates [x]=3255
[#0] WARNING:Plotting -- WARNING: Function evaluation error(s) at coordinates [x]=3265
[#0] WARNING:Plotting -- WARNING: Function evaluation error(s) at coordinates [x]=3275
[#0] WARNING:Plotting -- WARNING: Function evaluation error(s) at coordinates [x]=3285
[#0] WARNING:Plotting -- WARNING: Function evaluation error(s) at coordinates [x]=3295
[#0] WARNING:Plotting -- WARNING: Function evaluation error(s) at coordinates [x]=3305
[#0] WARNING:Plotting -- WARNING: Function evaluation error(s) at coordinates [x]=3315
[#0] WARNING:Plotting -- WARNING: Function evaluation error(s) at coordinates [x]=3325
[#0] WARNING:Plotting -- WARNING: Function evaluation error(s) at coordinates [x]=3335
[#0] WARNING:Plotting -- WARNING: Function evaluation error(s) at coordinates [x]=3345
[#0] WARNING:Plotting -- WARNING: Function evaluation error(s) at coordinates [x]=3355
[#0] WARNING:Plotting -- WARNING: Function evaluation error(s) at coordinates [x]=3365
[#0] WARNING:Plotting -- WARNING: Function evaluation error(s) at coordinates [x]=3375
[#0] WARNING:Plotting -- WARNING: Function evaluation error(s) at coordinates [x]=3385
[#0] WARNING:Plotting -- WARNING: Function evaluation error(s) at coordinates [x]=3395
[#0] WARNING:Plotting -- WARNING: Function evaluation error(s) at coordinates [x]=3405
[#0] WARNING:Plotting -- WARNING: Function evaluation error(s) at coordinates [x]=3415
[#0] WARNING:Plotting -- WARNING: Function evaluation error(s) at coordinates [x]=3425
[#0] WARNING:Plotting -- WARNING: Function evaluation error(s) at coordinates [x]=3435
[#0] WARNING:Plotting -- WARNING: Function evaluation error(s) at coordinates [x]=3445
[#0] WARNING:Plotting -- WARNING: Function evaluation error(s) at coordinates [x]=3455
[#0] WARNING:Plotting -- WARNING: Function evaluation error(s) at coordinates [x]=3465
[#0] WARNING:Plotting -- WARNING: Function evaluation error(s) at coordinates [x]=3475
[#0] WARNING:Plotting -- WARNING: Function evaluation error(s) at coordinates [x]=3485
[#0] WARNING:Plotting -- WARNING: Function evaluation error(s) at coordinates [x]=3495
[#0] WARNING:Plotting -- WARNING: Function evaluation error(s) at coordinates [x]=3505
[#0] WARNING:Plotting -- WARNING: Function evaluation error(s) at coordinates [x]=3515
[#0] WARNING:Plotting -- WARNING: Function evaluation error(s) at coordinates [x]=3525
[#0] WARNING:Plotting -- WARNING: Function evaluation error(s) at coordinates [x]=3535
[#0] WARNING:Plotting -- WARNING: Function evaluation error(s) at coordinates [x]=3545
[#0] WARNING:Plotting -- WARNING: Function evaluation error(s) at coordinates [x]=3555
[#0] WARNING:Plotting -- WARNING: Function evaluation error(s) at coordinates [x]=3565
[#0] WARNING:Plotting -- WARNING: Function evaluation error(s) at coordinates [x]=3575
[#0] WARNING:Plotting -- WARNING: Function evaluation error(s) at coordinates [x]=3585
[#0] WARNING:Plotting -- WARNING: Function evaluation error(s) at coordinates [x]=3595
[#0] WARNING:Plotting -- WARNING: Function evaluation error(s) at coordinates [x]=3605
[#0] WARNING:Plotting -- WARNING: Function evaluation error(s) at coordinates [x]=3615
[#0] WARNING:Plotting -- WARNING: Function evaluation error(s) at coordinates [x]=3625
[#0] WARNING:Plotting -- WARNING: Function evaluation error(s) at coordinates [x]=3635
[#0] WARNING:Plotting -- WARNING: Function evaluation error(s) at coordinates [x]=3645
[#0] WARNING:Plotting -- WARNING: Function evaluation error(s) at coordinates [x]=3655
[#0] WARNING:Plotting -- WARNING: Function evaluation error(s) at coordinates [x]=3665
[#0] WARNING:Plotting -- WARNING: Function evaluation error(s) at coordinates [x]=3675
[#0] WARNING:Plotting -- WARNING: Function evaluation error(s) at coordinates [x]=3685
[#0] WARNING:Plotting -- WARNING: Function evaluation error(s) at coordinates [x]=3695
[#0] WARNING:Plotting -- WARNING: Function evaluation error(s) at coordinates [x]=3705
[#0] WARNING:Plotting -- WARNING: Function evaluation error(s) at coordinates [x]=3715
[#0] WARNING:Plotting -- WARNING: Function evaluation error(s) at coordinates [x]=3725
[#0] WARNING:Plotting -- WARNING: Function evaluation error(s) at coordinates [x]=3735
[#0] WARNING:Plotting -- WARNING: Function evaluation error(s) at coordinates [x]=3745
[#0] WARNING:Plotting -- WARNING: Function evaluation error(s) at coordinates [x]=3755
[#0] WARNING:Plotting -- WARNING: Function evaluation error(s) at coordinates [x]=3765
[#0] WARNING:Plotting -- WARNING: Function evaluation error(s) at coordinates [x]=3775
[#0] WARNING:Plotting -- WARNING: Function evaluation error(s) at coordinates [x]=3785
[#0] WARNING:Plotting -- WARNING: Function evaluation error(s) at coordinates [x]=3795
[#0] WARNING:Plotting -- WARNING: Function evaluation error(s) at coordinates [x]=3805
[#0] WARNING:Plotting -- WARNING: Function evaluation error(s) at coordinates [x]=3815
[#0] WARNING:Plotting -- WARNING: Function evaluation error(s) at coordinates [x]=3825
[#0] WARNING:Plotting -- WARNING: Function evaluation error(s) at coordinates [x]=3835
[#0] WARNING:Plotting -- WARNING: Function evaluation error(s) at coordinates [x]=3845
[#0] WARNING:Plotting -- WARNING: Function evaluation error(s) at coordinates [x]=3855
[#0] WARNING:Plotting -- WARNING: Function evaluation error(s) at coordinates [x]=3865
[#0] WARNING:Plotting -- WARNING: Function evaluation error(s) at coordinates [x]=3875
[#0] WARNING:Plotting -- WARNING: Function evaluation error(s) at coordinates [x]=3885
[#0] WARNING:Plotting -- WARNING: Function evaluation error(s) at coordinates [x]=3895
[#0] WARNING:Plotting -- WARNING: Function evaluation error(s) at coordinates [x]=3905
[#0] WARNING:Plotting -- WARNING: Function evaluation error(s) at coordinates [x]=3915
[#0] WARNING:Plotting -- WARNING: Function evaluation error(s) at coordinates [x]=3925
[#0] WARNING:Plotting -- WARNING: Function evaluation error(s) at coordinates [x]=3935
[#0] WARNING:Plotting -- WARNING: Function evaluation error(s) at coordinates [x]=3945
[#0] WARNING:Plotting -- WARNING: Function evaluation error(s) at coordinates [x]=3955
[#0] WARNING:Plotting -- WARNING: Function evaluation error(s) at coordinates [x]=3965
[#0] WARNING:Plotting -- WARNING: Function evaluation error(s) at coordinates [x]=3975
[#0] WARNING:Plotting -- WARNING: Function evaluation error(s) at coordinates [x]=3985
[#0] WARNING:Plotting -- WARNING: Function evaluation error(s) at coordinates [x]=3995
[#0] WARNING:Plotting -- WARNING: Function evaluation error(s) at coordinates [x]=4005
[#0] WARNING:Plotting -- WARNING: Function evaluation error(s) at coordinates [x]=4015
[#0] WARNING:Plotting -- WARNING: Function evaluation error(s) at coordinates [x]=4025
[#0] WARNING:Plotting -- WARNING: Function evaluation error(s) at coordinates [x]=4035
[#0] WARNING:Plotting -- WARNING: Function evaluation error(s) at coordinates [x]=4045
[#0] WARNING:Plotting -- WARNING: Function evaluation error(s) at coordinates [x]=4055
[#0] WARNING:Plotting -- WARNING: Function evaluation error(s) at coordinates [x]=4065
[#0] WARNING:Plotting -- WARNING: Function evaluation error(s) at coordinates [x]=4075
[#0] WARNING:Plotting -- WARNING: Function evaluation error(s) at coordinates [x]=4085
[#0] WARNING:Plotting -- WARNING: Function evaluation error(s) at coordinates [x]=4095
[#0] WARNING:Plotting -- WARNING: Function evaluation error(s) at coordinates [x]=4105
[#0] WARNING:Plotting -- WARNING: Function evaluation error(s) at coordinates [x]=4115
[#0] WARNING:Plotting -- WARNING: Function evaluation error(s) at coordinates [x]=4125
[#0] WARNING:Plotting -- WARNING: Function evaluation error(s) at coordinates [x]=4135
[#0] WARNING:Plotting -- WARNING: Function evaluation error(s) at coordinates [x]=4145
[#0] WARNING:Plotting -- WARNING: Function evaluation error(s) at coordinates [x]=4155
[#0] WARNING:Plotting -- WARNING: Function evaluation error(s) at coordinates [x]=4165
[#0] WARNING:Plotting -- WARNING: Function evaluation error(s) at coordinates [x]=4175
[#0] WARNING:Plotting -- WARNING: Function evaluation error(s) at coordinates [x]=4185
[#0] WARNING:Plotting -- WARNING: Function evaluation error(s) at coordinates [x]=4195
[#0] WARNING:Plotting -- WARNING: Function evaluation error(s) at coordinates [x]=4205
[#0] WARNING:Plotting -- WARNING: Function evaluation error(s) at coordinates [x]=4215
[#0] WARNING:Plotting -- WARNING: Function evaluation error(s) at coordinates [x]=4225
[#0] WARNING:Plotting -- WARNING: Function evaluation error(s) at coordinates [x]=4235
[#0] WARNING:Plotting -- WARNING: Function evaluation error(s) at coordinates [x]=4245
[#0] WARNING:Plotting -- WARNING: Function evaluation error(s) at coordinates [x]=4255
[#0] WARNING:Plotting -- WARNING: Function evaluation error(s) at coordinates [x]=4265
[#0] WARNING:Plotting -- WARNING: Function evaluation error(s) at coordinates [x]=4275
[#0] WARNING:Plotting -- WARNING: Function evaluation error(s) at coordinates [x]=4285
[#0] WARNING:Plotting -- WARNING: Function evaluation error(s) at coordinates [x]=4295
[#0] WARNING:Plotting -- WARNING: Function evaluation error(s) at coordinates [x]=4305
[#0] WARNING:Plotting -- WARNING: Function evaluation error(s) at coordinates [x]=4315
[#0] WARNING:Plotting -- WARNING: Function evaluation error(s) at coordinates [x]=4325
[#0] WARNING:Plotting -- WARNING: Function evaluation error(s) at coordinates [x]=4335
[#0] WARNING:Plotting -- WARNING: Function evaluation error(s) at coordinates [x]=4345
[#0] WARNING:Plotting -- WARNING: Function evaluation error(s) at coordinates [x]=4355
[#0] WARNING:Plotting -- WARNING: Function evaluation error(s) at coordinates [x]=4365
[#0] WARNING:Plotting -- WARNING: Function evaluation error(s) at coordinates [x]=4375
[#0] WARNING:Plotting -- WARNING: Function evaluation error(s) at coordinates [x]=4385
[#0] WARNING:Plotting -- WARNING: Function evaluation error(s) at coordinates [x]=4395
[#0] WARNING:Plotting -- WARNING: Function evaluation error(s) at coordinates [x]=4405
[#0] WARNING:Plotting -- WARNING: Function evaluation error(s) at coordinates [x]=4415
[#0] WARNING:Plotting -- WARNING: Function evaluation error(s) at coordinates [x]=4425
[#0] WARNING:Plotting -- WARNING: Function evaluation error(s) at coordinates [x]=4435
[#0] WARNING:Plotting -- WARNING: Function evaluation error(s) at coordinates [x]=4445
[#0] WARNING:Plotting -- WARNING: Function evaluation error(s) at coordinates [x]=4455
[#0] WARNING:Plotting -- WARNING: Function evaluation error(s) at coordinates [x]=4465
[#0] WARNING:Plotting -- WARNING: Function evaluation error(s) at coordinates [x]=4475
[#0] WARNING:Plotting -- WARNING: Function evaluation error(s) at coordinates [x]=4485
[#0] WARNING:Plotting -- WARNING: Function evaluation error(s) at coordinates [x]=4495
[#0] WARNING:Plotting -- WARNING: Function evaluation error(s) at coordinates [x]=4505
[#0] WARNING:Plotting -- WARNING: Function evaluation error(s) at coordinates [x]=4515
[#0] WARNING:Plotting -- WARNING: Function evaluation error(s) at coordinates [x]=4525
[#0] WARNING:Plotting -- WARNING: Function evaluation error(s) at coordinates [x]=4535
[#0] WARNING:Plotting -- WARNING: Function evaluation error(s) at coordinates [x]=4545
[#0] WARNING:Plotting -- WARNING: Function evaluation error(s) at coordinates [x]=4555
[#0] WARNING:Plotting -- WARNING: Function evaluation error(s) at coordinates [x]=4565
[#0] WARNING:Plotting -- WARNING: Function evaluation error(s) at coordinates [x]=4575
[#0] WARNING:Plotting -- WARNING: Function evaluation error(s) at coordinates [x]=4585
[#0] WARNING:Plotting -- WARNING: Function evaluation error(s) at coordinates [x]=4595
[#0] WARNING:Plotting -- WARNING: Function evaluation error(s) at coordinates [x]=4605
[#0] WARNING:Plotting -- WARNING: Function evaluation error(s) at coordinates [x]=4615
[#0] WARNING:Plotting -- WARNING: Function evaluation error(s) at coordinates [x]=4625
[#0] WARNING:Plotting -- WARNING: Function evaluation error(s) at coordinates [x]=4635
[#0] WARNING:Plotting -- WARNING: Function evaluation error(s) at coordinates [x]=4645
[#0] WARNING:Plotting -- WARNING: Function evaluation error(s) at coordinates [x]=4655
[#0] WARNING:Plotting -- WARNING: Function evaluation error(s) at coordinates [x]=4665
[#0] WARNING:Plotting -- WARNING: Function evaluation error(s) at coordinates [x]=4675
[#0] WARNING:Plotting -- WARNING: Function evaluation error(s) at coordinates [x]=4685
[#0] WARNING:Plotting -- WARNING: Function evaluation error(s) at coordinates [x]=4695
[#0] WARNING:Plotting -- WARNING: Function evaluation error(s) at coordinates [x]=4705
[#0] WARNING:Plotting -- WARNING: Function evaluation error(s) at coordinates [x]=4715
[#0] WARNING:Plotting -- WARNING: Function evaluation error(s) at coordinates [x]=4725
[#0] WARNING:Plotting -- WARNING: Function evaluation error(s) at coordinates [x]=4735
[#0] WARNING:Plotting -- WARNING: Function evaluation error(s) at coordinates [x]=4745
Constraints of type RooGaussian: 31
Constraints of type SimpleGaussianConstraint: 622
Median for expected limits: 0.000488281
Sigma  for expected limits: 0.000249128
Constraints of type RooGaussian: 31
Constraints of type SimpleGaussianConstraint: 622
Constraints of type RooGaussian: 31
Constraints of type SimpleGaussianConstraint: 622
Restricting r to positive values.

Make global fit of real data
NLL at global minimum of data: -138.965 (r = 0.0214447)

Make global fit of asimov data
NLL at global minimum of asimov: -250.198 (r = 0.000215537)
At r = 1.221445:	q_mu = 66.73881	q_A  = 70.43888	CLsb = 0.00000	CLb  = 0.58839	CLs  = 0.00000
At r = 0.621445:	q_mu = 22.17361	q_A  = 27.91526	CLsb = 0.00000	CLb  = 0.71722	CLs  = 0.00000
At r = 0.321445:	q_mu = 6.63762	q_A  = 15.91988	CLsb = 0.00499	CLb  = 0.92126	CLs  = 0.00542
At r = 0.171445:	q_mu = 1.84982	q_A  = 2.58679	CLsb = 0.08690	CLb  = 0.59804	CLs  = 0.14531
At r = 0.246445:	q_mu = 3.93112	q_A  = 5.02373	CLsb = 0.02370	CLb  = 0.60205	CLs  = 0.03937
At r = 0.220459:	q_mu = 3.13417	q_A  = 4.10552	CLsb = 0.03833	CLb  = 0.60097	CLs  = 0.06379
At r = 0.230948:	q_mu = 3.44656	q_A  = 4.46713	CLsb = 0.03169	CLb  = 0.60144	CLs  = 0.05269
At r = 0.236278:	q_mu = 3.61019	q_A  = 4.65559	CLsb = 0.02871	CLb  = 0.60165	CLs  = 0.04772
At r = 0.233206:	q_mu = 3.51548	q_A  = 4.54658	CLsb = 0.03040	CLb  = 0.60153	CLs  = 0.05054
At r = 0.234278:	q_mu = 3.54841	q_A  = 4.58451	CLsb = 0.02980	CLb  = 0.60157	CLs  = 0.04954
At r = 0.233665:	q_mu = 3.52956	q_A  = 4.56280	CLsb = 0.03014	CLb  = 0.60155	CLs  = 0.05011

 -- Asymptotic -- 
Observed Limit: r < 0.2337

Done in 4.15 min (cpu), 4.15 min (real)
